<?xml version="1.0" encoding="UTF-8" ?>
<testsuite failures="0" time="0.029" errors="0" skipped="0" tests="1" name="com.codeaffine.gonsole.internal.GonsolePluginPDETest">
  <properties>
    <property name="java.vendor" value="Oracle Corporation"/>
    <property name="osgi.bundles.defaultStartLevel" value="4"/>
    <property name="sun.java.launcher" value="SUN_STANDARD"/>
    <property name="org.osgi.supports.framework.extension" value="true"/>
    <property name="sun.management.compiler" value="HotSpot 64-Bit Tiered Compilers"/>
    <property name="os.name" value="Windows 7"/>
    <property name="sun.boot.class.path" value="C:\Program Files\Java\JDK-1.7.0_45\jre\lib\resources.jar;C:\Program Files\Java\JDK-1.7.0_45\jre\lib\rt.jar;C:\Program Files\Java\JDK-1.7.0_45\jre\lib\sunrsasign.jar;C:\Program Files\Java\JDK-1.7.0_45\jre\lib\jsse.jar;C:\Program Files\Java\JDK-1.7.0_45\jre\lib\jce.jar;C:\Program Files\Java\JDK-1.7.0_45\jre\lib\charsets.jar;C:\Program Files\Java\JDK-1.7.0_45\jre\lib\jfr.jar;C:\Program Files\Java\JDK-1.7.0_45\jre\classes"/>
    <property name="osgi.ws" value="win32"/>
    <property name="sun.desktop" value="windows"/>
    <property name="java.vm.specification.vendor" value="Oracle Corporation"/>
    <property name="java.runtime.version" value="1.7.0_45-b18"/>
    <property name="osgi.instance.area" value="file:/C:/Users/Ruediger/Eclipse/Workspaces/gonsole/com.codeaffine.gonsole.pdetest/target/work/data/"/>
    <property name="org.osgi.framework.uuid" value="d03de624-d6e4-0013-1ae2-855caef66d81"/>
    <property name="osgi.nl.user" value="en"/>
    <property name="osgi.noShutdown" value="false"/>
    <property name="user.name" value="Ruediger"/>
    <property name="org.osgi.framework.system.packages" value="javax.accessibility,javax.activation,javax.activity,javax.annotation,javax.annotation.processing,javax.crypto,javax.crypto.interfaces,javax.crypto.spec,javax.imageio,javax.imageio.event,javax.imageio.metadata,javax.imageio.plugins.bmp,javax.imageio.plugins.jpeg,javax.imageio.spi,javax.imageio.stream,javax.jws,javax.jws.soap,javax.lang.model,javax.lang.model.element,javax.lang.model.type,javax.lang.model.util,javax.management,javax.management.loading,javax.management.modelmbean,javax.management.monitor,javax.management.openmbean,javax.management.relation,javax.management.remote,javax.management.remote.rmi,javax.management.timer,javax.naming,javax.naming.directory,javax.naming.event,javax.naming.ldap,javax.naming.spi,javax.net,javax.net.ssl,javax.print,javax.print.attribute,javax.print.attribute.standard,javax.print.event,javax.rmi,javax.rmi.CORBA,javax.rmi.ssl,javax.script,javax.security.auth,javax.security.auth.callback,javax.security.auth.kerberos,javax.security.auth.login,javax.security.auth.spi,javax.security.auth.x500,javax.security.cert,javax.security.sasl,javax.sound.midi,javax.sound.midi.spi,javax.sound.sampled,javax.sound.sampled.spi,javax.sql,javax.sql.rowset,javax.sql.rowset.serial,javax.sql.rowset.spi,javax.swing,javax.swing.border,javax.swing.colorchooser,javax.swing.event,javax.swing.filechooser,javax.swing.plaf,javax.swing.plaf.basic,javax.swing.plaf.metal,javax.swing.plaf.multi,javax.swing.plaf.nimbus,javax.swing.plaf.synth,javax.swing.table,javax.swing.text,javax.swing.text.html,javax.swing.text.html.parser,javax.swing.text.rtf,javax.swing.tree,javax.swing.undo,javax.tools,javax.transaction,javax.transaction.xa,javax.xml,javax.xml.bind,javax.xml.bind.annotation,javax.xml.bind.annotation.adapters,javax.xml.bind.attachment,javax.xml.bind.helpers,javax.xml.bind.util,javax.xml.crypto,javax.xml.crypto.dom,javax.xml.crypto.dsig,javax.xml.crypto.dsig.dom,javax.xml.crypto.dsig.keyinfo,javax.xml.crypto.dsig.spec,javax.xml.datatype,javax.xml.namespace,javax.xml.parsers,javax.xml.soap,javax.xml.stream,javax.xml.stream.events,javax.xml.stream.util,javax.xml.transform,javax.xml.transform.dom,javax.xml.transform.sax,javax.xml.transform.stax,javax.xml.transform.stream,javax.xml.validation,javax.xml.ws,javax.xml.ws.handler,javax.xml.ws.handler.soap,javax.xml.ws.http,javax.xml.ws.soap,javax.xml.ws.spi,javax.xml.ws.spi.http,javax.xml.ws.wsaddressing,javax.xml.xpath,org.ietf.jgss,org.omg.CORBA,org.omg.CORBA_2_3,org.omg.CORBA_2_3.portable,org.omg.CORBA.DynAnyPackage,org.omg.CORBA.ORBPackage,org.omg.CORBA.portable,org.omg.CORBA.TypeCodePackage,org.omg.CosNaming,org.omg.CosNaming.NamingContextExtPackage,org.omg.CosNaming.NamingContextPackage,org.omg.Dynamic,org.omg.DynamicAny,org.omg.DynamicAny.DynAnyFactoryPackage,org.omg.DynamicAny.DynAnyPackage,org.omg.IOP,org.omg.IOP.CodecFactoryPackage,org.omg.IOP.CodecPackage,org.omg.Messaging,org.omg.PortableInterceptor,org.omg.PortableInterceptor.ORBInitInfoPackage,org.omg.PortableServer,org.omg.PortableServer.CurrentPackage,org.omg.PortableServer.POAManagerPackage,org.omg.PortableServer.POAPackage,org.omg.PortableServer.portable,org.omg.PortableServer.ServantLocatorPackage,org.omg.SendingContext,org.omg.stub.java.rmi,org.w3c.dom,org.w3c.dom.bootstrap,org.w3c.dom.css,org.w3c.dom.events,org.w3c.dom.html,org.w3c.dom.ls,org.w3c.dom.ranges,org.w3c.dom.stylesheets,org.w3c.dom.traversal,org.w3c.dom.views,org.w3c.dom.xpath,org.xml.sax,org.xml.sax.ext,org.xml.sax.helpers"/>
    <property name="equinox.use.ds" value="true"/>
    <property name="org.osgi.framework.language" value="en"/>
    <property name="user.language" value="en"/>
    <property name="org.osgi.framework.processor" value="x86-64"/>
    <property name="osgi.syspath" value="c:\Users\Ruediger\.m2\repository\p2\osgi\bundle\org.eclipse.osgi\3.10.0.v20140428-1446"/>
    <property name="sun.boot.library.path" value="C:\Program Files\Java\JDK-1.7.0_45\jre\bin"/>
    <property name="org.osgi.framework.system.capabilities" value="osgi.ee; osgi.ee=&quot;OSGi/Minimum&quot;; version:List&lt;Version&gt;=&quot;1.0, 1.1, 1.2&quot;,osgi.ee; osgi.ee=&quot;JRE&quot;; version:List&lt;Version&gt;=&quot;1.0, 1.1&quot;,osgi.ee; osgi.ee=&quot;JavaSE&quot;; version:List&lt;Version&gt;=&quot;1.0, 1.1, 1.2, 1.3, 1.4, 1.5, 1.6, 1.7&quot;"/>
    <property name="osgi.compatibility.bootdelegation" value="true"/>
    <property name="java.version" value="1.7.0_45"/>
    <property name="org.osgi.framework.os.name" value="Windows7"/>
    <property name="user.timezone" value="Europe/Berlin"/>
    <property name="sun.arch.data.model" value="64"/>
    <property name="osgi.bundles" value="reference:file:C:/Users/Ruediger/Eclipse/Workspaces/gonsole/com.codeaffine.gonsole/target/com.codeaffine.gonsole-0.8.0-SNAPSHOT.jar,reference:file:C:/Users/Ruediger/.m2/repository/p2/osgi/bundle/org.eclipse.core.runtime/3.10.0.v20140318-2214/org.eclipse.core.runtime-3.10.0.v20140318-2214.jar@4:start,reference:file:C:/Users/Ruediger/.m2/repository/p2/osgi/bundle/org.eclipse.ui/3.106.0.v20140428-2006/org.eclipse.ui-3.106.0.v20140428-2006.jar,reference:file:C:/Users/Ruediger/.m2/repository/p2/osgi/bundle/org.eclipse.ui.ide/3.10.0.v20140428-2006/org.eclipse.ui.ide-3.10.0.v20140428-2006.jar,reference:file:C:/Users/Ruediger/.m2/repository/p2/osgi/bundle/org.eclipse.ui.views/3.7.0.v20140408-0703/org.eclipse.ui.views-3.7.0.v20140408-0703.jar,reference:file:C:/Users/Ruediger/.m2/repository/p2/osgi/bundle/org.eclipse.jgit/3.3.2.201404171909-r/org.eclipse.jgit-3.3.2.201404171909-r.jar,reference:file:C:/Users/Ruediger/.m2/repository/p2/osgi/bundle/org.eclipse.ui.console/3.5.300.v20140424-1437/org.eclipse.ui.console-3.5.300.v20140424-1437.jar,reference:file:C:/Users/Ruediger/Eclipse/Workspaces/gonsole/com.codeaffine.gonsole.pdetest,reference:file:C:/Users/Ruediger/.m2/repository/p2/osgi/bundle/org.junit/4.11.0.v201303080030/org.junit-4.11.0.v201303080030.jar,reference:file:C:/Users/Ruediger/.m2/repository/p2/osgi/bundle/com.jcraft.jsch/0.1.50.v201403120620/com.jcraft.jsch-0.1.50.v201403120620.jar,reference:file:C:/Users/Ruediger/.m2/repository/p2/osgi/bundle/javax.annotation/1.2.0.v201401042248/javax.annotation-1.2.0.v201401042248.jar,reference:file:C:/Users/Ruediger/.m2/repository/p2/osgi/bundle/javax.xml/1.3.4.v201005080400/javax.xml-1.3.4.v201005080400.jar,reference:file:C:/Users/Ruediger/.m2/repository/p2/osgi/bundle/org.apache.batik.css/1.7.0.v201011041433/org.apache.batik.css-1.7.0.v201011041433.jar,reference:file:C:/Users/Ruediger/.m2/repository/p2/osgi/bundle/org.apache.batik.util/1.7.0.v201011041433/org.apache.batik.util-1.7.0.v201011041433.jar,reference:file:C:/Users/Ruediger/.m2/repository/p2/osgi/bundle/org.w3c.dom.events/3.0.0.draft20060413_v201105210656/org.w3c.dom.events-3.0.0.draft20060413_v201105210656.jar,reference:file:C:/Users/Ruediger/.m2/repository/p2/osgi/bundle/org.w3c.css.sac/1.3.1.v200903091627/org.w3c.css.sac-1.3.1.v200903091627.jar,reference:file:C:/Users/Ruediger/.m2/repository/p2/osgi/bundle/org.w3c.dom.svg/1.1.0.v201011041433/org.w3c.dom.svg-1.1.0.v201011041433.jar,reference:file:C:/Users/Ruediger/.m2/repository/p2/osgi/bundle/org.apache.batik.util.gui/1.7.0.v200903091627/org.apache.batik.util.gui-1.7.0.v200903091627.jar,reference:file:C:/Users/Ruediger/.m2/repository/p2/osgi/bundle/org.apache.felix.gogo.command/0.10.0.v201209301215/org.apache.felix.gogo.command-0.10.0.v201209301215.jar,reference:file:C:/Users/Ruediger/.m2/repository/p2/osgi/bundle/org.apache.felix.gogo.runtime/0.10.0.v201209301036/org.apache.felix.gogo.runtime-0.10.0.v201209301036.jar,reference:file:C:/Users/Ruediger/.m2/repository/p2/osgi/bundle/org.eclipse.osgi.services/3.4.0.v20140312-2051/org.eclipse.osgi.services-3.4.0.v20140312-2051.jar,reference:file:C:/Users/Ruediger/.m2/repository/p2/osgi/bundle/org.apache.felix.gogo.shell/0.10.0.v201212101605/org.apache.felix.gogo.shell-0.10.0.v201212101605.jar,reference:file:C:/Users/Ruediger/.m2/repository/p2/osgi/bundle/org.eclipse.compare/3.5.500.v20131106-1552/org.eclipse.compare-3.5.500.v20131106-1552.jar,reference:file:C:/Users/Ruediger/.m2/repository/p2/osgi/bundle/org.eclipse.core.resources/3.9.0.v20140403-1323/org.eclipse.core.resources-3.9.0.v20140403-1323.jar,reference:file:C:/Users/Ruediger/.m2/repository/p2/osgi/bundle/org.eclipse.jface.text/3.9.0.v20140416-1136/org.eclipse.jface.text-3.9.0.v20140416-1136.jar,reference:file:C:/Users/Ruediger/.m2/repository/p2/osgi/bundle/org.eclipse.ui.workbench.texteditor/3.9.0.v20140411-1521/org.eclipse.ui.workbench.texteditor-3.9.0.v20140411-1521.jar,reference:file:C:/Users/Ruediger/.m2/repository/p2/osgi/bundle/org.eclipse.core.expressions/3.4.600.v20140128-0851/org.eclipse.core.expressions-3.4.600.v20140128-0851.jar,reference:file:C:/Users/Ruediger/.m2/repository/p2/osgi/bundle/org.eclipse.ui.editors/3.8.200.v20140401-1310/org.eclipse.ui.editors-3.8.200.v20140401-1310.jar,reference:file:C:/Users/Ruediger/.m2/repository/p2/osgi/bundle/org.eclipse.ui.forms/3.6.100.v20140422-1825/org.eclipse.ui.forms-3.6.100.v20140422-1825.jar,reference:file:C:/Users/Ruediger/.m2/repository/p2/osgi/bundle/org.eclipse.compare.core/3.5.400.v20130903-0736/org.eclipse.compare.core-3.5.400.v20130903-0736.jar,reference:file:C:/Users/Ruediger/.m2/repository/p2/osgi/bundle/com.ibm.icu/52.1.0.v201404241930/com.ibm.icu-52.1.0.v201404241930.jar,reference:file:C:/Users/Ruediger/.m2/repository/p2/osgi/bundle/org.eclipse.core.commands/3.6.100.v20140424-2344/org.eclipse.core.commands-3.6.100.v20140424-2344.jar,reference:file:C:/Users/Ruediger/.m2/repository/p2/osgi/bundle/org.eclipse.equinox.common/3.6.200.v20130402-1505/org.eclipse.equinox.common-3.6.200.v20130402-1505.jar@2:start,reference:file:C:/Users/Ruediger/.m2/repository/p2/osgi/bundle/org.eclipse.core.contenttype/3.4.200.v20140207-1251/org.eclipse.core.contenttype-3.4.200.v20140207-1251.jar,reference:file:C:/Users/Ruediger/.m2/repository/p2/osgi/bundle/org.eclipse.equinox.preferences/3.5.200.v20140224-1527/org.eclipse.equinox.preferences-3.5.200.v20140224-1527.jar,reference:file:C:/Users/Ruediger/.m2/repository/p2/osgi/bundle/org.eclipse.equinox.registry/3.5.400.v20140428-1507/org.eclipse.equinox.registry-3.5.400.v20140428-1507.jar,reference:file:C:/Users/Ruediger/.m2/repository/p2/osgi/bundle/org.eclipse.core.databinding/1.4.1.v20140214-0004/org.eclipse.core.databinding-1.4.1.v20140214-0004.jar,reference:file:C:/Users/Ruediger/.m2/repository/p2/osgi/bundle/org.eclipse.core.databinding.observable/1.4.1.v20140210-1835/org.eclipse.core.databinding.observable-1.4.1.v20140210-1835.jar,reference:file:C:/Users/Ruediger/.m2/repository/p2/osgi/bundle/org.eclipse.core.databinding.property/1.4.200.v20140214-0004/org.eclipse.core.databinding.property-1.4.200.v20140214-0004.jar,reference:file:C:/Users/Ruediger/.m2/repository/p2/osgi/bundle/org.eclipse.core.databinding.beans/1.2.200.v20140214-0004/org.eclipse.core.databinding.beans-1.2.200.v20140214-0004.jar,reference:file:C:/Users/Ruediger/.m2/repository/p2/osgi/bundle/org.eclipse.core.filebuffers/3.5.400.v20140127-1516/org.eclipse.core.filebuffers-3.5.400.v20140127-1516.jar,reference:file:C:/Users/Ruediger/.m2/repository/p2/osgi/bundle/org.eclipse.text/3.5.300.v20130515-1451/org.eclipse.text-3.5.300.v20130515-1451.jar,reference:file:C:/Users/Ruediger/.m2/repository/p2/osgi/bundle/org.eclipse.core.filesystem/1.4.100.v20140414-0946/org.eclipse.core.filesystem-1.4.100.v20140414-0946.jar,reference:file:C:/Users/Ruediger/.m2/repository/p2/osgi/bundle/org.eclipse.core.jobs/3.6.0.v20140424-0053/org.eclipse.core.jobs-3.6.0.v20140424-0053.jar,reference:file:C:/Users/Ruediger/.m2/repository/p2/osgi/bundle/org.eclipse.core.net/1.2.200.v20140124-2013/org.eclipse.core.net-1.2.200.v20140124-2013.jar,reference:file:C:/Users/Ruediger/.m2/repository/p2/osgi/bundle/org.eclipse.equinox.security/1.2.0.v20130424-1801/org.eclipse.equinox.security-1.2.0.v20130424-1801.jar,reference:file:C:/Users/Ruediger/.m2/repository/p2/osgi/bundle/org.eclipse.equinox.app/1.3.200.v20130910-1609/org.eclipse.equinox.app-1.3.200.v20130910-1609.jar,reference:file:C:/Users/Ruediger/.m2/repository/p2/osgi/bundle/org.eclipse.core.variables/3.2.800.v20130819-1716/org.eclipse.core.variables-3.2.800.v20130819-1716.jar,reference:file:C:/Users/Ruediger/.m2/repository/p2/osgi/bundle/org.eclipse.e4.core.commands/0.10.2.v20140424-2344/org.eclipse.e4.core.commands-0.10.2.v20140424-2344.jar,reference:file:C:/Users/Ruediger/.m2/repository/p2/osgi/bundle/org.eclipse.e4.core.di/1.4.0.v20140414-1837/org.eclipse.e4.core.di-1.4.0.v20140414-1837.jar,reference:file:C:/Users/Ruediger/.m2/repository/p2/osgi/bundle/javax.inject/1.0.0.v20091030/javax.inject-1.0.0.v20091030.jar,reference:file:C:/Users/Ruediger/.m2/repository/p2/osgi/bundle/org.eclipse.e4.core.contexts/1.3.100.v20140407-1019/org.eclipse.e4.core.contexts-1.3.100.v20140407-1019.jar,reference:file:C:/Users/Ruediger/.m2/repository/p2/osgi/bundle/org.eclipse.e4.core.services/1.2.0.v20140430-1915/org.eclipse.e4.core.services-1.2.0.v20140430-1915.jar,reference:file:C:/Users/Ruediger/.m2/repository/p2/osgi/bundle/org.eclipse.e4.core.di.extensions/0.12.0.v20140417-2033/org.eclipse.e4.core.di.extensions-0.12.0.v20140417-2033.jar,reference:file:C:/Users/Ruediger/.m2/repository/p2/osgi/bundle/org.eclipse.e4.ui.workbench.swt/0.12.100.v20140425-1033/org.eclipse.e4.ui.workbench.swt-0.12.100.v20140425-1033.jar,reference:file:C:/Users/Ruediger/.m2/repository/p2/osgi/bundle/org.eclipse.e4.ui.bindings/0.10.200.v20140424-2042/org.eclipse.e4.ui.bindings-0.10.200.v20140424-2042.jar,reference:file:C:/Users/Ruediger/.m2/repository/p2/osgi/bundle/org.eclipse.e4.ui.model.workbench/1.1.0.v20140327-2146/org.eclipse.e4.ui.model.workbench-1.1.0.v20140327-2146.jar,reference:file:C:/Users/Ruediger/.m2/repository/p2/osgi/bundle/org.eclipse.e4.ui.services/1.1.0.v20140328-1925/org.eclipse.e4.ui.services-1.1.0.v20140328-1925.jar,reference:file:C:/Users/Ruediger/.m2/repository/p2/osgi/bundle/org.eclipse.e4.ui.workbench.renderers.swt/0.12.0.v20140430-1632/org.eclipse.e4.ui.workbench.renderers.swt-0.12.0.v20140430-1632.jar,reference:file:C:/Users/Ruediger/.m2/repository/p2/osgi/bundle/org.eclipse.e4.ui.workbench/1.1.0.v20140428-2053/org.eclipse.e4.ui.workbench-1.1.0.v20140428-2053.jar,reference:file:C:/Users/Ruediger/.m2/repository/p2/osgi/bundle/org.eclipse.e4.ui.css.core/0.10.100.v20140424-2042/org.eclipse.e4.ui.css.core-0.10.100.v20140424-2042.jar,reference:file:C:/Users/Ruediger/.m2/repository/p2/osgi/bundle/org.eclipse.e4.ui.css.swt/0.11.100.v20140430-1014/org.eclipse.e4.ui.css.swt-0.11.100.v20140430-1014.jar,reference:file:C:/Users/Ruediger/.m2/repository/p2/osgi/bundle/org.w3c.dom.smil/1.0.0.v200806040011/org.w3c.dom.smil-1.0.0.v200806040011.jar,reference:file:C:/Users/Ruediger/.m2/repository/p2/osgi/bundle/org.eclipse.e4.ui.css.swt.theme/0.9.300.v20140424-2042/org.eclipse.e4.ui.css.swt.theme-0.9.300.v20140424-2042.jar,reference:file:C:/Users/Ruediger/.m2/repository/p2/osgi/bundle/org.eclipse.e4.ui.di/1.0.0.v20140328-2112/org.eclipse.e4.ui.di-1.0.0.v20140328-2112.jar,reference:file:C:/Users/Ruediger/.m2/repository/p2/osgi/bundle/org.eclipse.e4.ui.widgets/1.0.0.v20140428-1539/org.eclipse.e4.ui.widgets-1.0.0.v20140428-1539.jar,reference:file:C:/Users/Ruediger/.m2/repository/p2/osgi/bundle/org.eclipse.equinox.ds/1.4.200.v20131126-2331/org.eclipse.equinox.ds-1.4.200.v20131126-2331.jar@1:start,reference:file:C:/Users/Ruediger/.m2/repository/p2/osgi/bundle/org.eclipse.equinox.event/1.3.100.v20140115-1647/org.eclipse.equinox.event-1.3.100.v20140115-1647.jar,reference:file:C:/Users/Ruediger/.m2/repository/p2/osgi/bundle/org.eclipse.equinox.launcher/1.3.0.v20140415-2008/org.eclipse.equinox.launcher-1.3.0.v20140415-2008.jar,reference:file:C:/Users/Ruediger/.m2/repository/p2/osgi/bundle/org.eclipse.equinox.simpleconfigurator/1.1.0.v20131217-1203/org.eclipse.equinox.simpleconfigurator-1.1.0.v20131217-1203.jar@1:start,reference:file:C:/Users/Ruediger/.m2/repository/p2/osgi/bundle/org.eclipse.osgi.compatibility.state/1.0.0.v20140403-1907/org.eclipse.osgi.compatibility.state-1.0.0.v20140403-1907.jar,reference:file:C:/Users/Ruediger/Eclipse/Workspaces/gonsole/com.codeaffine.gonsole.pdetest/target/work/plugins/org.eclipse.equinox.launcher.win32.win32.x86_64_1.1.200.v20140427-1923,reference:file:C:/Users/Ruediger/.m2/repository/p2/osgi/bundle/org.eclipse.swt/3.103.0.v20140430-1139/org.eclipse.swt-3.103.0.v20140430-1139.jar,reference:file:C:/Users/Ruediger/.m2/repository/p2/osgi/bundle/org.eclipse.swt.win32.win32.x86_64/3.103.0.v20140430-1146/org.eclipse.swt.win32.win32.x86_64-3.103.0.v20140430-1146.jar,reference:file:C:/Users/Ruediger/.m2/repository/p2/osgi/bundle/org.eclipse.equinox.util/1.0.500.v20130404-1337/org.eclipse.equinox.util-1.0.500.v20130404-1337.jar,reference:file:C:/Users/Ruediger/.m2/repository/p2/osgi/bundle/org.eclipse.jface/3.10.0.v20140425-1218/org.eclipse.jface-3.10.0.v20140425-1218.jar,reference:file:C:/Users/Ruediger/.m2/repository/p2/osgi/bundle/org.eclipse.jface.databinding/1.6.200.v20140214-0004/org.eclipse.jface.databinding-1.6.200.v20140214-0004.jar,reference:file:C:/Users/Ruediger/.m2/repository/p2/osgi/bundle/org.eclipse.e4.ui.workbench3/0.12.0.v20140227-2118/org.eclipse.e4.ui.workbench3-0.12.0.v20140227-2118.jar,reference:file:C:/Users/Ruediger/.m2/repository/p2/osgi/bundle/org.eclipse.equinox.console/1.1.0.v20140131-1639/org.eclipse.equinox.console-1.1.0.v20140131-1639.jar,reference:file:C:/Users/Ruediger/.m2/repository/p2/osgi/bundle/org.eclipse.e4.ui.workbench.addons.swt/1.1.0.v20140430-1917/org.eclipse.e4.ui.workbench.addons.swt-1.1.0.v20140430-1917.jar,reference:file:C:/Users/Ruediger/.m2/repository/p2/osgi/bundle/org.eclipse.equinox.bidi/0.10.0.v20130327-1442/org.eclipse.equinox.bidi-0.10.0.v20130327-1442.jar,reference:file:C:/Users/Ruediger/.m2/repository/p2/osgi/bundle/org.eclipse.emf.ecore/2.10.0.v20140514-1158/org.eclipse.emf.ecore-2.10.0.v20140514-1158.jar,reference:file:C:/Users/Ruediger/.m2/repository/p2/osgi/bundle/org.eclipse.emf.ecore.change/2.10.0.v20140514-1158/org.eclipse.emf.ecore.change-2.10.0.v20140514-1158.jar,reference:file:C:/Users/Ruediger/.m2/repository/p2/osgi/bundle/org.eclipse.emf.ecore.xmi/2.10.0.v20140514-1158/org.eclipse.emf.ecore.xmi-2.10.0.v20140514-1158.jar,reference:file:C:/Users/Ruediger/.m2/repository/p2/osgi/bundle/org.eclipse.emf.common/2.10.0.v20140514-1158/org.eclipse.emf.common-2.10.0.v20140514-1158.jar,reference:file:C:/Users/Ruediger/.m2/repository/p2/osgi/bundle/org.eclipse.equinox.p2.core/2.3.0.v20131211-1531/org.eclipse.equinox.p2.core-2.3.0.v20131211-1531.jar,reference:file:C:/Users/Ruediger/.m2/repository/p2/osgi/bundle/org.eclipse.equinox.p2.engine/2.3.0.v20131217-1522/org.eclipse.equinox.p2.engine-2.3.0.v20131217-1522.jar,reference:file:C:/Users/Ruediger/.m2/repository/p2/osgi/bundle/org.eclipse.equinox.p2.metadata/2.2.0.v20131211-1531/org.eclipse.equinox.p2.metadata-2.2.0.v20131211-1531.jar,reference:file:C:/Users/Ruediger/.m2/repository/p2/osgi/bundle/org.eclipse.equinox.p2.metadata.repository/1.2.100.v20131209-2144/org.eclipse.equinox.p2.metadata.repository-1.2.100.v20131209-2144.jar,reference:file:C:/Users/Ruediger/.m2/repository/p2/osgi/bundle/org.eclipse.equinox.p2.repository/2.3.0.v20131211-1531/org.eclipse.equinox.p2.repository-2.3.0.v20131211-1531.jar,reference:file:C:/Users/Ruediger/.m2/repository/p2/osgi/bundle/org.eclipse.help/3.6.0.v20130326-1254/org.eclipse.help-3.6.0.v20130326-1254.jar,reference:file:C:/Users/Ruediger/.m2/repository/p2/osgi/bundle/javaewah/0.7.9.v201401101600/javaewah-0.7.9.v201401101600.jar,reference:file:C:/Users/Ruediger/.m2/repository/p2/osgi/bundle/org.eclipse.ltk.core.refactoring/3.6.100.v20130605-1748/org.eclipse.ltk.core.refactoring-3.6.100.v20130605-1748.jar,reference:file:C:/Users/Ruediger/.m2/repository/p2/osgi/bundle/org.eclipse.ltk.ui.refactoring/3.7.100.v20140324-1358/org.eclipse.ltk.ui.refactoring-3.7.100.v20140324-1358.jar,reference:file:C:/Users/Ruediger/.m2/repository/p2/osgi/bundle/org.eclipse.ui.navigator/3.5.400.v20140210-1835/org.eclipse.ui.navigator-3.5.400.v20140210-1835.jar,reference:file:C:/Users/Ruediger/.m2/repository/p2/osgi/bundle/org.eclipse.team.core/3.7.0.v20130514-1224/org.eclipse.team.core-3.7.0.v20130514-1224.jar,reference:file:C:/Users/Ruediger/.m2/repository/p2/osgi/bundle/org.eclipse.team.ui/3.7.100.v20130710-1213/org.eclipse.team.ui-3.7.100.v20130710-1213.jar,reference:file:C:/Users/Ruediger/.m2/repository/p2/osgi/bundle/org.eclipse.ui.workbench/3.106.0.v20140430-1900/org.eclipse.ui.workbench-3.106.0.v20140430-1900.jar,reference:file:C:/Users/Ruediger/.m2/repository/p2/osgi/bundle/org.eclipse.ui.ide.application/1.0.500.v20140410-1519/org.eclipse.ui.ide.application-1.0.500.v20140410-1519.jar,reference:file:C:/Users/Ruediger/.m2/repository/p2/osgi/bundle/org.eclipse.ui.navigator.resources/3.4.700.v20140407-1004/org.eclipse.ui.navigator.resources-3.4.700.v20140407-1004.jar,reference:file:C:/Users/Ruediger/.m2/repository/p2/osgi/bundle/org.eclipse.ui.views.properties.tabbed/3.6.0.v20140210-1835/org.eclipse.ui.views.properties.tabbed-3.6.0.v20140210-1835.jar,reference:file:C:/Users/Ruediger/.m2/repository/p2/osgi/bundle/org.hamcrest.core/1.3.0.v201303031735/org.hamcrest.core-1.3.0.v201303031735.jar,reference:file:C:/Users/Ruediger/Eclipse/Workspaces/gonsole/com.codeaffine.gonsole.pdetest,reference:file:C:/Users/Ruediger/.m2/repository/p2/osgi/bundle/org.eclipse.swt.win32.win32.x86_64/3.103.0.v20140522-1614/org.eclipse.swt.win32.win32.x86_64-3.103.0.v20140522-1614.jar,reference:file:C:/Users/Ruediger/.m2/repository/org/eclipse/tycho/org.eclipse.tycho.surefire.osgibooter/0.20.0/org.eclipse.tycho.surefire.osgibooter-0.20.0.jar,reference:file:C:/Users/Ruediger/.m2/repository/org/eclipse/tycho/org.eclipse.tycho.surefire.junit4/0.20.0/org.eclipse.tycho.surefire.junit4-0.20.0.jar"/>
    <property name="java.endorsed.dirs" value="C:\Program Files\Java\JDK-1.7.0_45\jre\lib\endorsed"/>
    <property name="osgi.tracefile" value="C:\Users\Ruediger\Eclipse\Workspaces\gonsole\com.codeaffine.gonsole.pdetest\target\work\data\.metadata\trace.log"/>
    <property name="sun.cpu.isalist" value="amd64"/>
    <property name="sun.jnu.encoding" value="Cp1252"/>
    <property name="eclipse.application" value="org.eclipse.tycho.surefire.osgibooter.uitest"/>
    <property name="file.encoding.pkg" value="sun.io"/>
    <property name="org.osgi.framework.vendor" value="Eclipse"/>
    <property name="file.separator" value="\"/>
    <property name="java.specification.name" value="Java Platform API Specification"/>
    <property name="java.class.version" value="51.0"/>
    <property name="user.country" value="GB"/>
    <property name="osgi.configuration.cascaded" value="false"/>
    <property name="java.home" value="C:\Program Files\Java\JDK-1.7.0_45\jre"/>
    <property name="osgi.os" value="win32"/>
    <property name="eclipse.commands" value="-data
C:\Users\Ruediger\Eclipse\Workspaces\gonsole\com.codeaffine.gonsole.pdetest\target\work\data
-install
C:\Users\Ruediger\Eclipse\Workspaces\gonsole\com.codeaffine.gonsole.pdetest\target\work
-configuration
C:\Users\Ruediger\Eclipse\Workspaces\gonsole\com.codeaffine.gonsole.pdetest\target\work\configuration
-application
org.eclipse.tycho.surefire.osgibooter.uitest
-testproperties
C:\Users\Ruediger\Eclipse\Workspaces\gonsole\com.codeaffine.gonsole.pdetest\target\surefire.properties
-nl
en
-consolelog
"/>
    <property name="java.vm.info" value="mixed mode"/>
    <property name="os.version" value="6.1"/>
    <property name="osgi.arch" value="x86_64"/>
    <property name="path.separator" value=";"/>
    <property name="java.vm.version" value="24.45-b08"/>
    <property name="org.osgi.supports.framework.fragment" value="true"/>
    <property name="user.variant" value=""/>
    <property name="osgi.framework.shape" value="jar"/>
    <property name="java.awt.printerjob" value="sun.awt.windows.WPrinterJob"/>
    <property name="sun.io.unicode.encoding" value="UnicodeLittle"/>
    <property name="org.osgi.framework.version" value="1.8.0"/>
    <property name="awt.toolkit" value="sun.awt.windows.WToolkit"/>
    <property name="user.script" value=""/>
    <property name="eclipse.stateSaveDelayInterval" value="30000"/>
    <property name="osgi.dev" value="file:/C:/Users/Ruediger/Eclipse/Workspaces/gonsole/com.codeaffine.gonsole.pdetest/target/work/dev.properties"/>
    <property name="osgi.install.area" value="file:/C:/Users/Ruediger/Eclipse/Workspaces/gonsole/com.codeaffine.gonsole.pdetest/target/work/"/>
    <property name="osgi.framework" value="file:/C:/Users/Ruediger/.m2/repository/p2/osgi/bundle/org.eclipse.osgi/3.10.0.v20140428-1446/org.eclipse.osgi-3.10.0.v20140428-1446.jar"/>
    <property name="user.home" value="C:\Users\Ruediger"/>
    <property name="osgi.framework.useSystemProperties" value="true"/>
    <property name="eclipse.consoleLog" value="true"/>
    <property name="java.specification.vendor" value="Oracle Corporation"/>
    <property name="osgi.nl" value="en"/>
    <property name="java.library.path" value="C:\Program Files\Java\JDK-1.7.0_45\jre\bin;C:\Windows\Sun\Java\bin;C:\Windows\system32;C:\Windows;C:\Windows\system32;C:\Windows;C:\Windows\System32\Wbem;C:\Program Files\ThinkPad\Bluetooth Software\;C:\Program Files\ThinkPad\Bluetooth Software\syswow64;C:\Program Files\Intel\WiFi\bin\;C:\Program Files\Common Files\Intel\WirelessCommon\;C:\Tools;C:\Program Files\Maven-3.0.3\bin;C:\Windows\System32\WindowsPowerShell\v1.0\;C:\Windows\System32\WindowsPowerShell\v1.0\;."/>
    <property name="java.vendor.url" value="http://java.oracle.com/"/>
    <property name="osgi.bundlefile.limit" value="100"/>
    <property name="eclipse.startTime" value="1401109414071"/>
    <property name="org.osgi.framework.os.version" value="6.1.0"/>
    <property name="java.vm.vendor" value="Oracle Corporation"/>
    <property name="java.runtime.name" value="Java(TM) SE Runtime Environment"/>
    <property name="java.class.path" value="C:\Users\Ruediger\.m2\repository\p2\osgi\bundle\org.eclipse.equinox.launcher\1.3.0.v20140415-2008\org.eclipse.equinox.launcher-1.3.0.v20140415-2008.jar"/>
    <property name="sun.java.command" value="C:\Users\Ruediger\.m2\repository\p2\osgi\bundle\org.eclipse.equinox.launcher\1.3.0.v20140415-2008\org.eclipse.equinox.launcher-1.3.0.v20140415-2008.jar -data C:\Users\Ruediger\Eclipse\Workspaces\gonsole\com.codeaffine.gonsole.pdetest\target\work\data -install C:\Users\Ruediger\Eclipse\Workspaces\gonsole\com.codeaffine.gonsole.pdetest\target\work -configuration C:\Users\Ruediger\Eclipse\Workspaces\gonsole\com.codeaffine.gonsole.pdetest\target\work\configuration -application org.eclipse.tycho.surefire.osgibooter.uitest -testproperties C:\Users\Ruediger\Eclipse\Workspaces\gonsole\com.codeaffine.gonsole.pdetest\target\surefire.properties -nl en -consolelog"/>
    <property name="java.vm.specification.name" value="Java Virtual Machine Specification"/>
    <property name="java.vm.specification.version" value="1.7"/>
    <property name="sun.os.patch.level" value="Service Pack 1"/>
    <property name="sun.cpu.endian" value="little"/>
    <property name="gosh.args" value="--nointeractive"/>
    <property name="surefire.test.class.path" value=""/>
    <property name="java.io.tmpdir" value="C:\Users\Ruediger\AppData\Local\Temp\"/>
    <property name="java.vendor.url.bug" value="http://bugreport.sun.com/bugreport/"/>
    <property name="applicationXMI" value="org.eclipse.ui.workbench/LegacyIDE.e4xmi"/>
    <property name="eclipse.home.location" value="file:/C:/Users/Ruediger/Eclipse/Workspaces/gonsole/com.codeaffine.gonsole.pdetest/target/work/"/>
    <property name="java.awt.graphicsenv" value="sun.awt.Win32GraphicsEnvironment"/>
    <property name="os.arch" value="amd64"/>
    <property name="java.ext.dirs" value="C:\Program Files\Java\JDK-1.7.0_45\jre\lib\ext;C:\Windows\Sun\Java\lib\ext"/>
    <property name="user.dir" value="C:\Users\Ruediger\Eclipse\Workspaces\gonsole\com.codeaffine.gonsole.pdetest"/>
    <property name="org.osgi.supports.framework.requirebundle" value="true"/>
    <property name="osgi.clean" value="true"/>
    <property name="line.separator" value="
"/>
    <property name="java.vm.name" value="Java HotSpot(TM) 64-Bit Server VM"/>
    <property name="file.encoding" value="Cp1252"/>
    <property name="java.specification.version" value="1.7"/>
    <property name="org.osgi.framework.executionenvironment" value="OSGi/Minimum-1.0,OSGi/Minimum-1.1,OSGi/Minimum-1.2,JRE-1.1,J2SE-1.2,J2SE-1.3,J2SE-1.4,J2SE-1.5,JavaSE-1.6,JavaSE-1.7"/>
    <property name="osgi.configuration.area" value="file:/C:/Users/Ruediger/Eclipse/Workspaces/gonsole/com.codeaffine.gonsole.pdetest/target/work/configuration/"/>
    <property name="osgi.logfile" value="C:\Users\Ruediger\Eclipse\Workspaces\gonsole\com.codeaffine.gonsole.pdetest\target\work\data\.metadata\.log"/>
  </properties>
  <testcase time="0.001" classname="com.codeaffine.gonsole.internal.GonsolePluginPDETest" name="testFirst"/>
</testsuite>